<?xml version="1.0" encoding="UTF-8"?>
<!-- Generated by org.testng.reporters.JUnitReportReporter -->
<testsuite hostname="MLBMYSL-105813" name="com.crm.qa.testcases.LoginPageTest" tests="2" failures="0" timestamp="22 Feb 2021 15:20:04 GMT" time="23.591" errors="0">
  <testcase name="loginPageTitleTest" time="7.511" classname="com.crm.qa.testcases.LoginPageTest"/>
  <testcase name="LoginButton" time="16.080" classname="com.crm.qa.testcases.LoginPageTest"/>
</testsuite> <!-- com.crm.qa.testcases.LoginPageTest -->
