<?xml version="1.0" encoding="UTF-8"?>
<!-- Generated by org.testng.reporters.JUnitReportReporter -->
<testsuite hostname="MLBMYSL-105813" name="com.crm.qa.testcases.SignUpPageTest" tests="2" failures="0" timestamp="22 Feb 2021 15:20:04 GMT" time="23.157" errors="0">
  <testcase name="SignInpage" time="11.906" classname="com.crm.qa.testcases.SignUpPageTest"/>
  <testcase name="SignInpage" time="11.251" classname="com.crm.qa.testcases.SignUpPageTest"/>
</testsuite> <!-- com.crm.qa.testcases.SignUpPageTest -->
