<?xml version="1.0" encoding="UTF-8"?>
<!-- Generated by org.testng.reporters.JUnitReportReporter -->
<testsuite hostname="MLBMYSL-105813" name="com.crm.qa.testcases.SignUpPageTest" tests="2" failures="0" timestamp="22 Feb 2021 19:19:53 GMT" time="27.645" errors="0">
  <testcase name="SignInpage" time="14.908" classname="com.crm.qa.testcases.SignUpPageTest"/>
  <testcase name="SignInpage" time="12.737" classname="com.crm.qa.testcases.SignUpPageTest"/>
</testsuite> <!-- com.crm.qa.testcases.SignUpPageTest -->
